[2026-02-06 02:00:31] 
======================================================================
[2026-02-06 02:00:31] 开始平衡数据收集
[2026-02-06 02:00:31] ======================================================================
[2026-02-06 02:00:31] 
--- 第 1 轮 ---
[2026-02-06 02:00:31] 
[HuggingFace] 目标: 2683 条
[2026-02-06 02:00:31]   获取偏移量 0, 批次 100
[2026-02-06 02:00:31]   [错误] 状态 404
[2026-02-06 02:00:41]   获取偏移量 0, 批次 100
[2026-02-06 02:00:42]   [错误] 状态 404
[2026-02-06 02:00:52]   获取偏移量 0, 批次 100
[2026-02-06 02:00:52]   [错误] 状态 404
[2026-02-06 02:01:02]   获取偏移量 0, 批次 100
[2026-02-06 02:01:02]   [错误] 状态 404
[2026-02-06 02:01:12]   获取偏移量 0, 批次 100
[2026-02-06 02:01:13]   [错误] 状态 404
[2026-02-06 02:01:23]   获取偏移量 0, 批次 100
[2026-02-06 02:01:23]   [错误] 状态 404
[2026-02-06 02:01:33]   获取偏移量 0, 批次 100
[2026-02-06 02:01:33]   [错误] 状态 404
[2026-02-06 02:01:43]   获取偏移量 0, 批次 100
[2026-02-06 02:01:43]   [错误] 状态 404
[2026-02-06 02:01:53]   获取偏移量 0, 批次 100
[2026-02-06 02:01:54]   [错误] 状态 404
[2026-02-06 02:02:04]   获取偏移量 0, 批次 100
[2026-02-06 02:02:04]   [错误] 状态 404
[2026-02-06 02:02:14]   获取偏移量 0, 批次 100
[2026-02-06 02:02:14]   [错误] 状态 404
[2026-02-06 02:02:24]   获取偏移量 0, 批次 100
[2026-02-06 02:02:25]   [错误] 状态 404
[2026-02-06 02:02:35]   获取偏移量 0, 批次 100
[2026-02-06 02:02:35]   [错误] 状态 404
[2026-02-06 02:02:45]   获取偏移量 0, 批次 100
[2026-02-06 02:02:45]   [错误] 状态 404
[2026-02-06 02:02:55]   获取偏移量 0, 批次 100
[2026-02-06 02:02:55]   [错误] 状态 404
[2026-02-06 02:03:05]   获取偏移量 0, 批次 100
[2026-02-06 02:03:06]   [错误] 状态 404
[2026-02-06 02:03:16]   获取偏移量 0, 批次 100
[2026-02-06 02:03:16]   [错误] 状态 404
[2026-02-06 02:03:26]   获取偏移量 0, 批次 100
[2026-02-06 02:03:26]   [错误] 状态 404
[2026-02-06 02:03:36]   获取偏移量 0, 批次 100
[2026-02-06 02:03:36]   [错误] 状态 404
[2026-02-06 02:03:46]   获取偏移量 0, 批次 100
[2026-02-06 02:03:47]   [错误] 状态 404
[2026-02-06 02:03:57]   获取偏移量 0, 批次 100
[2026-02-06 02:03:57]   [错误] 状态 404
[2026-02-06 02:04:07]   获取偏移量 0, 批次 100
[2026-02-06 02:04:07]   [错误] 状态 404
[2026-02-06 02:04:17]   获取偏移量 0, 批次 100
[2026-02-06 02:04:17]   [错误] 状态 404
[2026-02-06 02:04:27]   获取偏移量 0, 批次 100
[2026-02-06 02:04:28]   [错误] 状态 404
[2026-02-06 02:04:38]   获取偏移量 0, 批次 100
[2026-02-06 02:04:38]   [错误] 状态 404
[2026-02-06 02:04:48]   获取偏移量 0, 批次 100
[2026-02-06 02:04:48]   [错误] 状态 404
[2026-02-06 02:04:58]   获取偏移量 0, 批次 100
[2026-02-06 02:04:58]   [错误] 状态 404
[2026-02-06 02:05:08]   获取偏移量 0, 批次 100
[2026-02-06 02:05:09]   [错误] 状态 404
[2026-02-06 02:05:19]   获取偏移量 0, 批次 100
[2026-02-06 02:05:19]   [错误] 状态 404
[2026-02-06 02:05:29]   获取偏移量 0, 批次 100
[2026-02-06 02:05:29]   [错误] 状态 404
[2026-02-06 02:05:39]   获取偏移量 0, 批次 100
[2026-02-06 02:05:40]   [错误] 状态 404
[2026-02-06 02:05:50]   获取偏移量 0, 批次 100
[2026-02-06 02:05:50]   [错误] 状态 404
[2026-02-06 02:06:00]   获取偏移量 0, 批次 100
[2026-02-06 02:06:00]   [错误] 状态 404
[2026-02-06 02:06:10]   获取偏移量 0, 批次 100
[2026-02-06 02:06:10]   [错误] 状态 404
[2026-02-06 02:06:20]   获取偏移量 0, 批次 100
[2026-02-06 02:06:21]   [错误] 状态 404
[2026-02-06 02:06:31]   获取偏移量 0, 批次 100
[2026-02-06 02:06:31]   [错误] 状态 404
[2026-02-06 02:06:41]   获取偏移量 0, 批次 100
[2026-02-06 02:06:41]   [错误] 状态 404
[2026-02-06 02:06:51]   获取偏移量 0, 批次 100
[2026-02-06 02:06:51]   [错误] 状态 404
[2026-02-06 02:07:01]   获取偏移量 0, 批次 100
[2026-02-06 02:07:02]   [错误] 状态 404
[2026-02-06 02:07:12]   获取偏移量 0, 批次 100
[2026-02-06 02:07:12]   [错误] 状态 404
[2026-02-06 02:07:22]   获取偏移量 0, 批次 100
[2026-02-06 02:07:22]   [错误] 状态 404
[2026-02-06 02:07:32]   获取偏移量 0, 批次 100
[2026-02-06 02:07:32]   [错误] 状态 404
[2026-02-06 02:07:42]   获取偏移量 0, 批次 100
[2026-02-06 02:07:43]   [错误] 状态 404
[2026-02-06 02:07:53]   获取偏移量 0, 批次 100
[2026-02-06 02:07:53]   [错误] 状态 404
[2026-02-06 02:08:03]   获取偏移量 0, 批次 100
[2026-02-06 02:08:03]   [错误] 状态 404
[2026-02-06 02:08:13]   获取偏移量 0, 批次 100
[2026-02-06 02:08:14]   [错误] 状态 404
[2026-02-06 02:08:24]   获取偏移量 0, 批次 100
[2026-02-06 02:08:24]   [错误] 状态 404
[2026-02-06 02:08:34]   获取偏移量 0, 批次 100
[2026-02-06 02:08:34]   [错误] 状态 404
[2026-02-06 02:08:44]   获取偏移量 0, 批次 100
[2026-02-06 02:08:45]   [错误] 状态 404
[2026-02-06 02:08:55]   获取偏移量 0, 批次 100
[2026-02-06 02:08:55]   [错误] 状态 404
[2026-02-06 02:09:05]   获取偏移量 0, 批次 100
[2026-02-06 02:09:05]   [错误] 状态 404
[2026-02-06 02:09:15]   获取偏移量 0, 批次 100
[2026-02-06 02:09:16]   [错误] 状态 404
[2026-02-06 02:09:26]   获取偏移量 0, 批次 100
[2026-02-06 02:09:26]   [错误] 状态 404
[2026-02-06 02:09:36]   获取偏移量 0, 批次 100
[2026-02-06 02:09:36]   [错误] 状态 404
[2026-02-06 02:09:46]   获取偏移量 0, 批次 100
[2026-02-06 02:09:46]   [错误] 状态 404
[2026-02-06 02:09:56]   获取偏移量 0, 批次 100
[2026-02-06 02:09:57]   [错误] 状态 404
[2026-02-06 02:10:07]   获取偏移量 0, 批次 100
[2026-02-06 02:10:07]   [错误] 状态 404
[2026-02-06 02:10:17]   获取偏移量 0, 批次 100
[2026-02-06 02:10:17]   [错误] 状态 404
[2026-02-06 02:10:27]   获取偏移量 0, 批次 100
[2026-02-06 02:10:27]   [错误] 状态 404
[2026-02-06 02:10:37]   获取偏移量 0, 批次 100
[2026-02-06 02:10:38]   [错误] 状态 404
[2026-02-06 02:10:48]   获取偏移量 0, 批次 100
[2026-02-06 02:10:48]   [错误] 状态 404
[2026-02-06 02:10:58]   获取偏移量 0, 批次 100
[2026-02-06 02:10:58]   [错误] 状态 404
