[2026-02-06 01:48:27] ======================================================================
[2026-02-06 01:48:27] 继续数据收集
[2026-02-06 01:48:27] 当前进度: 2259 / 8000
[2026-02-06 01:48:27] 剩余目标: 5741
[2026-02-06 01:48:27] ======================================================================
[2026-02-06 01:48:27] 
======================================================================
[2026-02-06 01:48:27] 开始数据收集
[2026-02-06 01:48:27] ======================================================================
[2026-02-06 01:48:27] 
--- 第 1 轮收集 ---
[2026-02-06 01:48:27] 
[GitHub] 需要收集: 141 条 (当前 2259/2400)
[2026-02-06 01:48:27] 
  [flowchart] 搜索: flowchart extension:mmd
[2026-02-06 01:48:27] 
  [sequence] 搜索: sequenceDiagram extension:mmd
[2026-02-06 01:48:27] 
  [class] 搜索: classDiagram extension:mmd
[2026-02-06 01:48:27] 
  [architecture] 搜索: subgraph extension:mmd
[2026-02-06 01:48:27] 
  [mindmap] 搜索: mindmap extension:mmd
[2026-02-06 01:48:27] 
  [er] 搜索: erDiagram extension:mmd
[2026-02-06 01:48:27] 
  [state] 搜索: stateDiagram extension:mmd
[2026-02-06 01:48:27] 
  [gantt] 搜索: gantt extension:mmd
[2026-02-06 01:48:27] 
  [pie] 搜索: pie extension:mmd
[2026-02-06 01:48:27] 
  [journey] 搜索: journey extension:mmd
[2026-02-06 01:48:27] 
[GitHub] 本次收集: 0 条, 总计: 2259/2400
[2026-02-06 01:48:27] 
[HuggingFace] 需要收集: 2400 条
[2026-02-06 01:48:27]   尝试 codeparrot/github-code...
[2026-02-06 01:48:27]   尝试补充收集...
[2026-02-06 01:48:27] 
[HuggingFace] 本次收集: 0 条, 总计: 0/2400
[2026-02-06 01:48:27] 
[GitLab] 需要收集: 1200 条
[2026-02-06 01:48:27]   搜索: mermaid
[2026-02-06 01:48:28]   搜索: flowchart
[2026-02-06 01:48:28]   搜索: sequenceDiagram
[2026-02-06 01:48:29] 
[GitLab] 本次收集: 0 条
[2026-02-06 01:48:29] 
[Bitbucket] 需要收集: 800 条
[2026-02-06 01:48:29]   [注意] Bitbucket API限制较多，可能需要通过其他方式补充
[2026-02-06 01:48:29] 
[Other] 需要收集: 1200 条
[2026-02-06 01:48:29] 
[Other] 本次收集: 0 条
[2026-02-06 01:48:29] 
[状态] 总计: 2259/8000 (28.2%)
[2026-02-06 01:48:29] 
--- 第 2 轮收集 ---
[2026-02-06 01:48:29] 
[GitHub] 需要收集: 141 条 (当前 2259/2400)
[2026-02-06 01:48:29] 
  [flowchart] 搜索: flowchart extension:mmd
[2026-02-06 01:48:29] 
  [sequence] 搜索: sequenceDiagram extension:mmd
[2026-02-06 01:48:29] 
  [class] 搜索: classDiagram extension:mmd
[2026-02-06 01:48:29] 
  [architecture] 搜索: subgraph extension:mmd
[2026-02-06 01:48:29] 
  [mindmap] 搜索: mindmap extension:mmd
[2026-02-06 01:48:29] 
  [er] 搜索: erDiagram extension:mmd
[2026-02-06 01:48:29] 
  [state] 搜索: stateDiagram extension:mmd
[2026-02-06 01:48:29] 
  [gantt] 搜索: gantt extension:mmd
[2026-02-06 01:48:29] 
  [pie] 搜索: pie extension:mmd
[2026-02-06 01:48:29] 
  [journey] 搜索: journey extension:mmd
[2026-02-06 01:48:29] 
[GitHub] 本次收集: 0 条, 总计: 2259/2400
[2026-02-06 01:48:29] 
[HuggingFace] 需要收集: 2400 条
[2026-02-06 01:48:29]   尝试 codeparrot/github-code...
[2026-02-06 01:48:29]   尝试补充收集...
[2026-02-06 01:48:29] 
[HuggingFace] 本次收集: 0 条, 总计: 0/2400
[2026-02-06 01:48:29] 
[GitLab] 需要收集: 1200 条
[2026-02-06 01:48:29]   搜索: mermaid
[2026-02-06 01:48:29]   搜索: flowchart
[2026-02-06 01:48:29]   搜索: sequenceDiagram
[2026-02-06 01:48:30] 
[GitLab] 本次收集: 0 条
[2026-02-06 01:48:30] 
[Bitbucket] 需要收集: 800 条
[2026-02-06 01:48:30]   [注意] Bitbucket API限制较多，可能需要通过其他方式补充
[2026-02-06 01:48:30] 
[Other] 需要收集: 1200 条
[2026-02-06 01:48:30] 
[Other] 本次收集: 0 条
[2026-02-06 01:48:30] 
[状态] 总计: 2259/8000 (28.2%)
[2026-02-06 01:48:30] 
[等待] 本轮无新数据，休息2分钟后继续...
[2026-02-06 01:50:30] 
--- 第 3 轮收集 ---
[2026-02-06 01:50:30] 
[GitHub] 需要收集: 141 条 (当前 2259/2400)
[2026-02-06 01:50:30] 
  [flowchart] 搜索: flowchart extension:mmd
[2026-02-06 01:50:30] 
  [sequence] 搜索: sequenceDiagram extension:mmd
[2026-02-06 01:50:30] 
  [class] 搜索: classDiagram extension:mmd
[2026-02-06 01:50:30] 
  [architecture] 搜索: subgraph extension:mmd
[2026-02-06 01:50:30] 
  [mindmap] 搜索: mindmap extension:mmd
[2026-02-06 01:50:30] 
  [er] 搜索: erDiagram extension:mmd
[2026-02-06 01:50:30] 
  [state] 搜索: stateDiagram extension:mmd
[2026-02-06 01:50:30] 
  [gantt] 搜索: gantt extension:mmd
[2026-02-06 01:50:30] 
  [pie] 搜索: pie extension:mmd
[2026-02-06 01:50:30] 
  [journey] 搜索: journey extension:mmd
[2026-02-06 01:50:30] 
[GitHub] 本次收集: 0 条, 总计: 2259/2400
[2026-02-06 01:50:30] 
[HuggingFace] 需要收集: 2400 条
[2026-02-06 01:50:30]   尝试 codeparrot/github-code...
[2026-02-06 01:50:30]   尝试补充收集...
[2026-02-06 01:50:30] 
[HuggingFace] 本次收集: 0 条, 总计: 0/2400
[2026-02-06 01:50:30] 
[GitLab] 需要收集: 1200 条
[2026-02-06 01:50:30]   搜索: mermaid
[2026-02-06 01:50:31]   搜索: flowchart
[2026-02-06 01:50:31]   搜索: sequenceDiagram
[2026-02-06 01:50:31] 
[GitLab] 本次收集: 0 条
[2026-02-06 01:50:31] 
[Bitbucket] 需要收集: 800 条
[2026-02-06 01:50:31]   [注意] Bitbucket API限制较多，可能需要通过其他方式补充
[2026-02-06 01:50:31] 
[Other] 需要收集: 1200 条
[2026-02-06 01:50:31] 
[Other] 本次收集: 0 条
[2026-02-06 01:50:31] 
[状态] 总计: 2259/8000 (28.2%)
[2026-02-06 01:50:31] 
[等待] 本轮无新数据，休息2分钟后继续...
[2026-02-06 01:52:31] 
--- 第 4 轮收集 ---
[2026-02-06 01:52:31] 
[GitHub] 需要收集: 141 条 (当前 2259/2400)
[2026-02-06 01:52:31] 
  [flowchart] 搜索: flowchart extension:mmd
[2026-02-06 01:52:31] 
  [sequence] 搜索: sequenceDiagram extension:mmd
[2026-02-06 01:52:31] 
  [class] 搜索: classDiagram extension:mmd
[2026-02-06 01:52:31] 
  [architecture] 搜索: subgraph extension:mmd
[2026-02-06 01:52:31] 
  [mindmap] 搜索: mindmap extension:mmd
[2026-02-06 01:52:31] 
  [er] 搜索: erDiagram extension:mmd
[2026-02-06 01:52:31] 
  [state] 搜索: stateDiagram extension:mmd
[2026-02-06 01:52:31] 
  [gantt] 搜索: gantt extension:mmd
[2026-02-06 01:52:31] 
  [pie] 搜索: pie extension:mmd
[2026-02-06 01:52:31] 
  [journey] 搜索: journey extension:mmd
[2026-02-06 01:52:31] 
[GitHub] 本次收集: 0 条, 总计: 2259/2400
[2026-02-06 01:52:31] 
[HuggingFace] 需要收集: 2400 条
[2026-02-06 01:52:31]   尝试 codeparrot/github-code...
[2026-02-06 01:52:32]   尝试补充收集...
[2026-02-06 01:52:32] 
[HuggingFace] 本次收集: 0 条, 总计: 0/2400
[2026-02-06 01:52:32] 
[GitLab] 需要收集: 1200 条
[2026-02-06 01:52:32]   搜索: mermaid
[2026-02-06 01:52:32]   搜索: flowchart
[2026-02-06 01:52:33]   搜索: sequenceDiagram
[2026-02-06 01:52:33] 
[GitLab] 本次收集: 0 条
[2026-02-06 01:52:33] 
[Bitbucket] 需要收集: 800 条
[2026-02-06 01:52:33]   [注意] Bitbucket API限制较多，可能需要通过其他方式补充
[2026-02-06 01:52:33] 
[Other] 需要收集: 1200 条
[2026-02-06 01:52:33] 
[Other] 本次收集: 0 条
[2026-02-06 01:52:33] 
[状态] 总计: 2259/8000 (28.2%)
[2026-02-06 01:52:33] 
[等待] 本轮无新数据，休息2分钟后继续...
[2026-02-06 01:54:33] 
--- 第 5 轮收集 ---
[2026-02-06 01:54:33] 
[GitHub] 需要收集: 141 条 (当前 2259/2400)
[2026-02-06 01:54:33] 
  [flowchart] 搜索: flowchart extension:mmd
[2026-02-06 01:54:33] 
  [sequence] 搜索: sequenceDiagram extension:mmd
[2026-02-06 01:54:33] 
  [class] 搜索: classDiagram extension:mmd
[2026-02-06 01:54:33] 
  [architecture] 搜索: subgraph extension:mmd
[2026-02-06 01:54:33] 
  [mindmap] 搜索: mindmap extension:mmd
[2026-02-06 01:54:33] 
  [er] 搜索: erDiagram extension:mmd
[2026-02-06 01:54:33] 
  [state] 搜索: stateDiagram extension:mmd
[2026-02-06 01:54:33] 
  [gantt] 搜索: gantt extension:mmd
[2026-02-06 01:54:33] 
  [pie] 搜索: pie extension:mmd
[2026-02-06 01:54:33] 
  [journey] 搜索: journey extension:mmd
[2026-02-06 01:54:33] 
[GitHub] 本次收集: 0 条, 总计: 2259/2400
[2026-02-06 01:54:33] 
[HuggingFace] 需要收集: 2400 条
[2026-02-06 01:54:33]   尝试 codeparrot/github-code...
[2026-02-06 01:54:33]   尝试补充收集...
[2026-02-06 01:54:33] 
[HuggingFace] 本次收集: 0 条, 总计: 0/2400
[2026-02-06 01:54:33] 
[GitLab] 需要收集: 1200 条
[2026-02-06 01:54:33]   搜索: mermaid
[2026-02-06 01:54:34]   搜索: flowchart
[2026-02-06 01:54:34]   搜索: sequenceDiagram
[2026-02-06 01:54:35] 
[GitLab] 本次收集: 0 条
[2026-02-06 01:54:35] 
[Bitbucket] 需要收集: 800 条
[2026-02-06 01:54:35]   [注意] Bitbucket API限制较多，可能需要通过其他方式补充
[2026-02-06 01:54:35] 
[Other] 需要收集: 1200 条
[2026-02-06 01:54:35] 
[Other] 本次收集: 0 条
[2026-02-06 01:54:35] 
[状态] 总计: 2259/8000 (28.2%)
[2026-02-06 01:54:35] 
[等待] 本轮无新数据，休息2分钟后继续...
[2026-02-06 01:56:35] 
--- 第 6 轮收集 ---
[2026-02-06 01:56:35] 
[GitHub] 需要收集: 141 条 (当前 2259/2400)
[2026-02-06 01:56:35] 
  [flowchart] 搜索: flowchart extension:mmd
[2026-02-06 01:56:35] 
  [sequence] 搜索: sequenceDiagram extension:mmd
[2026-02-06 01:56:35] 
  [class] 搜索: classDiagram extension:mmd
[2026-02-06 01:56:35] 
  [architecture] 搜索: subgraph extension:mmd
[2026-02-06 01:56:35] 
  [mindmap] 搜索: mindmap extension:mmd
[2026-02-06 01:56:35] 
  [er] 搜索: erDiagram extension:mmd
[2026-02-06 01:56:35] 
  [state] 搜索: stateDiagram extension:mmd
[2026-02-06 01:56:35] 
  [gantt] 搜索: gantt extension:mmd
[2026-02-06 01:56:35] 
  [pie] 搜索: pie extension:mmd
[2026-02-06 01:56:35] 
  [journey] 搜索: journey extension:mmd
[2026-02-06 01:56:35] 
[GitHub] 本次收集: 0 条, 总计: 2259/2400
[2026-02-06 01:56:35] 
[HuggingFace] 需要收集: 2400 条
[2026-02-06 01:56:35]   尝试 codeparrot/github-code...
[2026-02-06 01:56:35]   尝试补充收集...
[2026-02-06 01:56:35] 
[HuggingFace] 本次收集: 0 条, 总计: 0/2400
[2026-02-06 01:56:35] 
[GitLab] 需要收集: 1200 条
[2026-02-06 01:56:35]   搜索: mermaid
[2026-02-06 01:56:36]   搜索: flowchart
[2026-02-06 01:56:36]   搜索: sequenceDiagram
[2026-02-06 01:56:36] 
[GitLab] 本次收集: 0 条
[2026-02-06 01:56:36] 
[Bitbucket] 需要收集: 800 条
[2026-02-06 01:56:36]   [注意] Bitbucket API限制较多，可能需要通过其他方式补充
[2026-02-06 01:56:36] 
[Other] 需要收集: 1200 条
[2026-02-06 01:56:36] 
[Other] 本次收集: 0 条
[2026-02-06 01:56:36] 
[状态] 总计: 2259/8000 (28.2%)
[2026-02-06 01:56:36] 
[等待] 本轮无新数据，休息2分钟后继续...
[2026-02-06 01:58:36] 
--- 第 7 轮收集 ---
[2026-02-06 01:58:36] 
[GitHub] 需要收集: 141 条 (当前 2259/2400)
[2026-02-06 01:58:36] 
  [flowchart] 搜索: flowchart extension:mmd
[2026-02-06 01:58:36] 
  [sequence] 搜索: sequenceDiagram extension:mmd
[2026-02-06 01:58:36] 
  [class] 搜索: classDiagram extension:mmd
[2026-02-06 01:58:36] 
  [architecture] 搜索: subgraph extension:mmd
[2026-02-06 01:58:36] 
  [mindmap] 搜索: mindmap extension:mmd
[2026-02-06 01:58:36] 
  [er] 搜索: erDiagram extension:mmd
[2026-02-06 01:58:36] 
  [state] 搜索: stateDiagram extension:mmd
[2026-02-06 01:58:36] 
  [gantt] 搜索: gantt extension:mmd
[2026-02-06 01:58:36] 
  [pie] 搜索: pie extension:mmd
[2026-02-06 01:58:36] 
  [journey] 搜索: journey extension:mmd
[2026-02-06 01:58:36] 
[GitHub] 本次收集: 0 条, 总计: 2259/2400
[2026-02-06 01:58:36] 
[HuggingFace] 需要收集: 2400 条
[2026-02-06 01:58:36]   尝试 codeparrot/github-code...
[2026-02-06 01:58:36]   尝试补充收集...
[2026-02-06 01:58:36] 
[HuggingFace] 本次收集: 0 条, 总计: 0/2400
[2026-02-06 01:58:36] 
[GitLab] 需要收集: 1200 条
[2026-02-06 01:58:36]   搜索: mermaid
[2026-02-06 01:58:37]   搜索: flowchart
[2026-02-06 01:58:37]   搜索: sequenceDiagram
[2026-02-06 01:58:37] 
[GitLab] 本次收集: 0 条
[2026-02-06 01:58:37] 
[Bitbucket] 需要收集: 800 条
[2026-02-06 01:58:37]   [注意] Bitbucket API限制较多，可能需要通过其他方式补充
[2026-02-06 01:58:37] 
[Other] 需要收集: 1200 条
[2026-02-06 01:58:37] 
[Other] 本次收集: 0 条
[2026-02-06 01:58:37] 
[状态] 总计: 2259/8000 (28.2%)
[2026-02-06 01:58:37] 
[等待] 本轮无新数据，休息2分钟后继续...
