[2026-02-06 09:51:57] 
============================================================
[2026-02-06 09:51:57] Starting Final Collection
[2026-02-06 09:51:57] ============================================================
[2026-02-06 09:51:57] 
--- Iteration 1 ---
[2026-02-06 09:51:57] [HuggingFace] Need 7204 more (current: 0)
[2026-02-06 09:51:57]   Error: 404
[2026-02-06 09:52:03]   Error: 404
[2026-02-06 09:52:08]   Error: 404
[2026-02-06 09:52:13]   Error: 404
[2026-02-06 09:52:19]   Error: 404
[2026-02-06 09:52:24]   Error: 404
[2026-02-06 09:52:29]   Error: 404
[2026-02-06 09:52:34]   Error: 404
[2026-02-06 09:52:40]   Error: 404
[2026-02-06 09:52:45]   Error: 404
[2026-02-06 09:52:50]   Error: 404
[2026-02-06 09:52:55]   Error: 404
[2026-02-06 09:53:01]   Error: 404
[2026-02-06 09:53:06]   Error: 404
[2026-02-06 09:53:11]   Error: 404
[2026-02-06 09:53:16]   Error: 404
[2026-02-06 09:53:22]   Error: 404
[2026-02-06 09:53:27]   Error: 404
[2026-02-06 09:53:32]   Error: 404
[2026-02-06 09:53:37]   Error: 404
[2026-02-06 09:53:43]   Error: 404
[2026-02-06 09:53:48]   Error: 404
[2026-02-06 09:53:53]   Error: 404
[2026-02-06 09:53:58]   Error: 404
[2026-02-06 09:54:04]   Error: 404
[2026-02-06 09:54:09]   Error: 404
[2026-02-06 09:54:14]   Error: 404
[2026-02-06 09:54:19]   Error: 404
[2026-02-06 09:54:25]   Error: 404
[2026-02-06 09:54:30]   Error: 404
[2026-02-06 09:54:35]   Error: 404
[2026-02-06 09:54:41]   Error: 404
[2026-02-06 09:54:46]   Error: 404
[2026-02-06 09:54:51]   Error: 404
[2026-02-06 09:54:56]   Error: 404
[2026-02-06 09:55:02]   Error: 404
[2026-02-06 09:55:07]   Error: 404
[2026-02-06 09:55:12]   Error: 404
[2026-02-06 09:55:17]   Error: 404
[2026-02-06 09:55:23]   Error: 404
[2026-02-06 09:55:28]   Error: 404
[2026-02-06 09:55:33]   Error: 404
[2026-02-06 09:55:38]   Error: 404
[2026-02-06 09:55:44]   Error: 404
[2026-02-06 09:55:49]   Error: 404
[2026-02-06 09:55:54]   Error: 404
[2026-02-06 09:55:59]   Error: 404
[2026-02-06 09:56:05]   Error: 404
[2026-02-06 09:56:10]   Error: 404
[2026-02-06 09:56:15]   Error: 404
[2026-02-06 09:56:20]   Error: 404
[2026-02-06 09:56:26]   Error: 404
[2026-02-06 09:56:31]   Error: 404
[2026-02-06 09:56:36]   Error: 404
[2026-02-06 09:56:42]   Error: 404
[2026-02-06 09:56:47]   Error: 404
[2026-02-06 09:56:52]   Error: 404
[2026-02-06 09:56:57]   Error: 404
[2026-02-06 09:57:03]   Error: 404
[2026-02-06 09:57:08]   Error: 404
[2026-02-06 09:57:13]   Error: 404
[2026-02-06 09:57:18]   Error: 404
[2026-02-06 09:57:24]   Error: 404
[2026-02-06 09:57:29]   Error: 404
[2026-02-06 09:57:34]   Error: 404
[2026-02-06 09:57:39]   Error: 404
[2026-02-06 09:57:45]   Error: 404
[2026-02-06 09:57:50]   Error: 404
[2026-02-06 09:57:55]   Error: 404
[2026-02-06 09:58:00]   Error: 404
[2026-02-06 09:58:33]   Error: 404
[2026-02-06 09:58:38]   Error: 404
[2026-02-06 09:58:44]   Error: 404
[2026-02-06 09:58:49]   Error: 404
[2026-02-06 09:58:54]   Error: 404
[2026-02-06 09:58:59]   Error: 404
[2026-02-06 09:59:05]   Error: 404
[2026-02-06 09:59:10]   Error: 404
[2026-02-06 09:59:15]   Error: 404
[2026-02-06 09:59:20]   Error: 404
[2026-02-06 09:59:26]   Error: 404
[2026-02-06 09:59:31]   Error: 404
[2026-02-06 09:59:36]   Error: 404
[2026-02-06 09:59:42]   Error: 404
[2026-02-06 09:59:47]   Error: 404
[2026-02-06 09:59:52]   Error: 404
[2026-02-06 09:59:57]   Error: 404
[2026-02-06 10:00:03]   Error: 404
[2026-02-06 10:00:08]   Error: 404
[2026-02-06 10:00:13]   Error: 404
[2026-02-06 10:00:18]   Error: 404
[2026-02-06 10:00:24]   Error: 404
[2026-02-06 10:00:29]   Error: 404
[2026-02-06 10:00:34]   Error: 404
[2026-02-06 10:00:39]   Error: 404
[2026-02-06 10:00:45]   Error: 404
[2026-02-06 10:00:50]   Error: 404
[2026-02-06 10:00:55]   Error: 404
[2026-02-06 10:01:00]   Error: 404
[2026-02-06 10:01:06]   Error: 404
[2026-02-06 10:01:11]   Error: 404
[2026-02-06 10:01:16]   Error: 404
[2026-02-06 10:01:21]   Error: 404
[2026-02-06 10:01:27]   Error: 404
[2026-02-06 10:01:32]   Error: 404
[2026-02-06 10:01:37]   Error: 404
[2026-02-06 10:01:42]   Error: 404
[2026-02-06 10:01:48]   Error: 404
[2026-02-06 10:01:53]   Error: 404
[2026-02-06 10:01:58]   Error: 404
[2026-02-06 10:02:04]   Error: 404
[2026-02-06 10:02:09]   Error: 404
[2026-02-06 10:02:14]   Error: 404
[2026-02-06 10:02:19]   Error: 404
[2026-02-06 10:02:25]   Error: 404
[2026-02-06 10:02:30]   Error: 404
[2026-02-06 10:02:35]   Error: 404
[2026-02-06 10:02:41]   Error: 404
[2026-02-06 10:02:46]   Error: 404
[2026-02-06 10:02:51]   Error: 404
[2026-02-06 10:02:56]   Error: 404
[2026-02-06 10:03:02]   Error: 404
[2026-02-06 10:03:07]   Error: 404
[2026-02-06 10:03:12]   Error: 404
[2026-02-06 10:03:17]   Error: 404
[2026-02-06 10:03:23]   Error: 404
[2026-02-06 10:03:28]   Error: 404
[2026-02-06 10:03:33]   Error: 404
[2026-02-06 10:03:38]   Error: 404
[2026-02-06 10:03:44]   Error: 404
[2026-02-06 10:03:49]   Error: 404
[2026-02-06 10:03:54]   Error: 404
[2026-02-06 10:03:59]   Error: 404
[2026-02-06 10:04:05]   Error: 404
[2026-02-06 10:04:10]   Error: 404
[2026-02-06 10:04:15]   Error: 404
[2026-02-06 10:04:20]   Error: 404
[2026-02-06 10:04:26]   Error: 404
[2026-02-06 10:04:31]   Error: 404
[2026-02-06 10:04:36]   Error: 404
[2026-02-06 10:04:42]   Error: 404
[2026-02-06 10:05:03] 
============================================================
[2026-02-06 10:05:03] Starting Final Collection
[2026-02-06 10:05:03] ============================================================
[2026-02-06 10:05:03] 
--- Iteration 1 ---
[2026-02-06 10:05:03] [HuggingFace] Need 7204 more (current: 0)
[2026-02-06 10:05:03]   Error: 404
[2026-02-06 10:05:09]   Error: 404
[2026-02-06 10:05:14]   Error: 404
[2026-02-06 10:05:19]   Error: 404
[2026-02-06 10:05:24]   Error: 404
[2026-02-06 10:05:30]   Error: 404
[2026-02-06 10:05:35]   Error: 404
[2026-02-06 10:05:40]   Error: 404
[2026-02-06 10:05:46]   Error: 404
[2026-02-06 10:05:51]   Error: 404
[2026-02-06 10:05:56]   Error: 404
[2026-02-06 10:06:01]   Error: 404
[2026-02-06 10:06:07]   Error: 404
[2026-02-06 10:06:12]   Error: 404
[2026-02-06 10:06:17]   Error: 404
[2026-02-06 10:06:23]   Error: 404
[2026-02-06 10:06:28]   Error: 404
[2026-02-06 10:06:33]   Error: 404
[2026-02-06 10:06:38]   Error: 404
[2026-02-06 10:06:44]   Error: 404
[2026-02-06 10:06:49]   Error: 404
[2026-02-06 10:06:55]   Error: 404
[2026-02-06 10:07:00]   Error: 404
[2026-02-06 10:07:05]   Error: 404
[2026-02-06 10:07:10]   Error: 404
[2026-02-06 10:07:16]   Error: 404
[2026-02-06 10:07:21]   Error: 404
[2026-02-06 10:07:26]   Error: 404
[2026-02-06 10:07:32]   Error: 404
[2026-02-06 10:07:37]   Error: 404
[2026-02-06 10:07:42]   Error: 404
[2026-02-06 10:07:47]   Error: 404
[2026-02-06 10:07:53]   Error: 404
[2026-02-06 10:07:58]   Error: 404
[2026-02-06 10:08:03]   Error: 404
[2026-02-06 10:08:09]   Error: 404
[2026-02-06 10:08:14]   Error: 404
[2026-02-06 10:08:19]   Error: 404
[2026-02-06 10:08:25]   Error: 404
[2026-02-06 10:08:30]   Error: 404
[2026-02-06 10:08:37]   Error: 404
[2026-02-06 10:08:42]   Error: 404
[2026-02-06 10:08:47]   Error: 404
[2026-02-06 10:08:53]   Error: 404
[2026-02-06 10:08:58]   Error: 404
[2026-02-06 10:09:03]   Error: 404
[2026-02-06 10:09:09]   Error: 404
[2026-02-06 10:09:14]   Error: 404
[2026-02-06 10:09:19]   Error: 404
[2026-02-06 10:09:25]   Error: 404
[2026-02-06 10:09:30]   Error: 404
[2026-02-06 10:09:35]   Error: 404
[2026-02-06 10:09:40]   Error: 404
[2026-02-06 10:09:46]   Error: 404
[2026-02-06 10:09:51]   Error: 404
[2026-02-06 10:09:56]   Error: 404
[2026-02-06 10:10:02]   Error: 404
[2026-02-06 10:10:07]   Error: 404
[2026-02-06 10:10:12]   Error: 404
[2026-02-06 10:10:17]   Error: 404
[2026-02-06 10:10:23]   Error: 404
[2026-02-06 10:10:28]   Error: 404
[2026-02-06 10:10:33]   Error: 404
[2026-02-06 10:10:39]   Error: 404
[2026-02-06 10:10:44]   Error: 404
[2026-02-06 10:10:49]   Error: 404
[2026-02-06 10:10:54]   Error: 404
[2026-02-06 10:11:00]   Error: 404
[2026-02-06 10:11:05]   Error: 404
[2026-02-06 10:11:10]   Error: 404
[2026-02-06 10:11:19] 
============================================================
[2026-02-06 10:11:19] Starting Final Collection
[2026-02-06 10:11:19] ============================================================
[2026-02-06 10:11:19] 
--- Iteration 1 ---
[2026-02-06 10:11:19] [HuggingFace] Need 7204 more (current: 0)
[2026-02-06 10:11:20]   Error: 404
[2026-02-06 10:11:25]   Error: 404
[2026-02-06 10:11:30]   Error: 404
[2026-02-06 10:11:35]   Error: 404
[2026-02-06 10:11:41]   Error: 404
[2026-02-06 10:11:46]   Error: 404
[2026-02-06 10:11:51]   Error: 404
[2026-02-06 10:11:57]   Error: 404
[2026-02-06 10:12:02]   Error: 404
[2026-02-06 10:12:07]   Error: 404
[2026-02-06 10:12:12]   Error: 404
[2026-02-06 10:12:18]   Error: 404
[2026-02-06 10:12:23]   Error: 404
[2026-02-06 10:12:28]   Error: 404
[2026-02-06 10:12:33]   Error: 404
[2026-02-06 10:12:39]   Error: 404
[2026-02-06 10:12:44]   Error: 404
[2026-02-06 10:12:49]   Error: 404
[2026-02-06 10:12:55]   Error: 404
[2026-02-06 10:13:00]   Error: 404
[2026-02-06 10:13:05]   Error: 404
[2026-02-06 10:13:10]   Error: 404
[2026-02-06 10:13:16]   Error: 404
[2026-02-06 10:13:21]   Error: 404
[2026-02-06 10:13:26]   Error: 404
[2026-02-06 10:13:31]   Error: 404
[2026-02-06 10:13:37]   Error: 404
[2026-02-06 10:13:42]   Error: 404
[2026-02-06 10:13:47]   Error: 404
[2026-02-06 10:13:53]   Error: 404
[2026-02-06 10:13:58]   Error: 404
[2026-02-06 10:14:03]   Error: 404
[2026-02-06 10:14:09]   Error: 404
[2026-02-06 10:14:14]   Error: 404
[2026-02-06 10:14:19]   Error: 404
[2026-02-06 10:14:24]   Error: 404
[2026-02-06 10:14:30]   Error: 404
[2026-02-06 10:14:35]   Error: 404
[2026-02-06 10:14:40]   Error: 404
[2026-02-06 10:14:45]   Error: 404
[2026-02-06 10:14:51]   Error: 404
[2026-02-06 10:14:56]   Error: 404
[2026-02-06 10:15:01]   Error: 404
[2026-02-06 10:15:07]   Error: 404
[2026-02-06 10:15:12]   Error: 404
[2026-02-06 10:15:17]   Error: 404
[2026-02-06 10:15:22]   Error: 404
[2026-02-06 10:15:37]   Error: 404
[2026-02-06 10:15:42]   Error: 404
[2026-02-06 10:15:48]   Error: 404
[2026-02-06 10:15:53]   Error: 404
[2026-02-06 10:15:59]   Error: 404
[2026-02-06 10:16:04]   Error: 404
[2026-02-06 10:16:09]   Error: 404
[2026-02-06 10:16:14]   Error: 404
[2026-02-06 10:16:20]   Error: 404
[2026-02-06 10:16:25]   Error: 404
[2026-02-06 10:16:30]   Error: 404
[2026-02-06 10:16:36]   Error: 404
[2026-02-06 10:16:41]   Error: 404
[2026-02-06 10:16:46]   Error: 404
[2026-02-06 10:16:51]   Error: 404
[2026-02-06 10:16:57]   Error: 404
[2026-02-06 10:17:02]   Error: 404
[2026-02-06 10:17:07]   Error: 404
[2026-02-06 10:17:12]   Error: 404
[2026-02-06 10:17:18]   Error: 404
[2026-02-06 10:17:23]   Error: 404
[2026-02-06 10:17:28]   Error: 404
[2026-02-06 10:17:34]   Error: 404
[2026-02-06 10:17:39]   Error: 404
[2026-02-06 10:17:44]   Error: 404
[2026-02-06 10:17:49]   Error: 404
[2026-02-06 10:17:55]   Error: 404
[2026-02-06 10:18:00]   Error: 404
[2026-02-06 10:18:05]   Error: 404
[2026-02-06 10:18:11]   Error: 404
[2026-02-06 10:18:16]   Error: 404
[2026-02-06 10:18:21]   Error: 404
[2026-02-06 10:18:26]   Error: 404
[2026-02-06 10:18:32]   Error: 404
[2026-02-06 10:18:37]   Error: 404
[2026-02-06 10:18:42]   Error: 404
[2026-02-06 10:18:47]   Error: 404
[2026-02-06 10:18:53]   Error: 404
[2026-02-06 10:18:58]   Error: 404
[2026-02-06 10:19:03]   Error: 404
[2026-02-06 10:19:09]   Error: 404
[2026-02-06 10:19:14]   Error: 404
[2026-02-06 10:19:19]   Error: 404
[2026-02-06 10:19:24]   Error: 404
[2026-02-06 10:19:30]   Error: 404
[2026-02-06 10:19:35]   Error: 404
[2026-02-06 10:19:40]   Error: 404
[2026-02-06 10:19:46]   Error: 404
[2026-02-06 10:19:51]   Error: 404
[2026-02-06 10:19:56]   Error: 404
[2026-02-06 10:20:01]   Error: 404
[2026-02-06 10:20:08]   Error: 404
[2026-02-06 10:20:13]   Error: 404
[2026-02-06 10:20:19]   Error: 404
[2026-02-06 10:20:24]   Error: 404
[2026-02-06 10:20:29]   Error: 404
[2026-02-06 10:20:34]   Error: 404
[2026-02-06 10:20:40]   Error: 404
[2026-02-06 10:20:45]   Error: 404
[2026-02-06 10:20:51]   Error: 404
[2026-02-06 10:20:56]   Error: 404
[2026-02-06 10:21:02]   Error: 404
[2026-02-06 10:21:07]   Error: 404
[2026-02-06 10:21:12]   Error: 404
[2026-02-06 10:21:18]   Error: 404
[2026-02-06 10:21:23]   Error: 404
[2026-02-06 10:21:28]   Error: 404
[2026-02-06 10:21:33]   Error: 404
[2026-02-06 10:21:39]   Error: 404
[2026-02-06 10:21:44]   Error: 404
[2026-02-06 10:21:49]   Error: 404
[2026-02-06 10:21:54]   Error: 404
[2026-02-06 10:22:00]   Error: 404
[2026-02-06 10:22:05]   Error: 404
[2026-02-06 10:22:10]   Error: 404
[2026-02-06 10:22:16]   Error: 404
[2026-02-06 10:22:21]   Error: 404
